<?xml version="1.0" encoding="UTF-8"?>
<!-- Generated by org.testng.reporters.JUnitReportReporter -->
<testsuite hostname="DESKTOP-GQ6S98M" failures="0" tests="3" name="Payloads.LibraryAPI" time="7.529" errors="0" timestamp="2022-01-20T16:43:09 IST" skipped="0">
  <testcase classname="Payloads.LibraryAPI" name="addBook" time="0.398"/>
  <system-out/>
  <testcase classname="Payloads.LibraryAPI" name="addBook" time="0.306"/>
  <system-out/>
  <testcase classname="Payloads.LibraryAPI" name="addBook" time="6.825"/>
  <system-out/>
</testsuite> <!-- Payloads.LibraryAPI -->
