<?xml version="1.0" encoding="UTF-8"?>
<!-- Generated by org.testng.reporters.JUnitReportReporter -->
<testsuite hostname="DESKTOP-GQ6S98M" failures="0" tests="1" name="Payloads.LibraryAPI" time="4.342" errors="0" timestamp="2022-01-19T17:39:06 IST" skipped="0">
  <testcase classname="Payloads.LibraryAPI" name="addBook" time="4.342"/>
  <system-out/>
</testsuite> <!-- Payloads.LibraryAPI -->
